  main.cpp
C:\Users\BOUQU\Cpp-projects\MyLibrary\MyLibrary\library.hpp(46,3): warning C4984: 'if constexpr' is a C++17 language extension
C:\Users\BOUQU\Cpp-projects\MyLibrary\MyLibrary\library.hpp(39,7): message : This diagnostic occurred in the compiler generated function 'bool Library::addItem(T2)'
C:\Users\BOUQU\Cpp-projects\MyLibrary\MyLibrary\library.hpp(50,8): warning C4984: 'if constexpr' is a C++17 language extension
C:\Users\BOUQU\Cpp-projects\MyLibrary\MyLibrary\library.hpp(39,7): message : This diagnostic occurred in the compiler generated function 'bool Library::addItem(T2)'
C:\Users\BOUQU\Cpp-projects\MyLibrary\MyLibrary\library.hpp(54,8): warning C4984: 'if constexpr' is a C++17 language extension
C:\Users\BOUQU\Cpp-projects\MyLibrary\MyLibrary\library.hpp(39,7): message : This diagnostic occurred in the compiler generated function 'bool Library::addItem(T2)'
C:\Users\BOUQU\Cpp-projects\MyLibrary\MyLibrary\library.hpp(65,3): warning C4984: 'if constexpr' is a C++17 language extension
C:\Users\BOUQU\Cpp-projects\MyLibrary\MyLibrary\library.hpp(63,7): message : This diagnostic occurred in the compiler generated function 'bool Library::isrented(T)'
C:\Users\BOUQU\Cpp-projects\MyLibrary\MyLibrary\library.hpp(76,8): warning C4984: 'if constexpr' is a C++17 language extension
C:\Users\BOUQU\Cpp-projects\MyLibrary\MyLibrary\library.hpp(63,7): message : This diagnostic occurred in the compiler generated function 'bool Library::isrented(T)'
C:\Users\BOUQU\Cpp-projects\MyLibrary\MyLibrary\library.hpp(86,8): warning C4984: 'if constexpr' is a C++17 language extension
C:\Users\BOUQU\Cpp-projects\MyLibrary\MyLibrary\library.hpp(63,7): message : This diagnostic occurred in the compiler generated function 'bool Library::isrented(T)'
C:\Users\BOUQU\Cpp-projects\MyLibrary\MyLibrary\library.hpp(101,3): warning C4984: 'if constexpr' is a C++17 language extension
C:\Users\BOUQU\Cpp-projects\MyLibrary\MyLibrary\library.hpp(99,7): message : This diagnostic occurred in the compiler generated function 'bool Library::exists(const T &)'
C:\Users\BOUQU\Cpp-projects\MyLibrary\MyLibrary\library.hpp(115,8): warning C4984: 'if constexpr' is a C++17 language extension
C:\Users\BOUQU\Cpp-projects\MyLibrary\MyLibrary\library.hpp(99,7): message : This diagnostic occurred in the compiler generated function 'bool Library::exists(const T &)'
C:\Users\BOUQU\Cpp-projects\MyLibrary\MyLibrary\library.hpp(129,8): warning C4984: 'if constexpr' is a C++17 language extension
C:\Users\BOUQU\Cpp-projects\MyLibrary\MyLibrary\library.hpp(99,7): message : This diagnostic occurred in the compiler generated function 'bool Library::exists(const T &)'
  MyLibrary.vcxproj -> C:\Users\BOUQU\Cpp-projects\MyLibrary\x64\Debug\MyLibrary.exe
